Print initial account balances
Account: 1234 	Name: Mike 	Balance:	1000.0
Account: 2345 	Name: Adam 	Balance:	2000.0
Account: 3456 	Name: Linda 	Balance:	3000.0
Account: 4567 	Name: John 	Balance:	4000.0
Account: 5678 	Name: Rami 	Balance:	5000.0
Account: 6789 	Name: Lee 	Balance:	6000.0
Account: 7890 	Name: Tom 	Balance:	7000.0
Account: 8901 	Name: Lisa 	Balance:	8000.0
Account: 9012 	Name: Sam 	Balance:	9000.0
Account: 4321 	Name: Ted 	Balance:	10000.0
Depositor and Withdrawal threads have been created
Print final account balances after all the child thread terminated...
Account: 1234 	Name: Mike 	Balance:	3.372425E7
Account: 2345 	Name: Adam 	Balance:	5557250.0
Account: 3456 	Name: Linda 	Balance:	1.218284E7
Account: 4567 	Name: John 	Balance:	6812530.0
Account: 5678 	Name: Rami 	Balance:	2.585246E7
Account: 6789 	Name: Lee 	Balance:	2.029613E7
Account: 7890 	Name: Tom 	Balance:	2.509371E7
Account: 8901 	Name: Lisa 	Balance:	-9159440.0
Account: 9012 	Name: Sam 	Balance:	-4.28872E7
Account: 4321 	Name: Ted 	Balance:	9932620.0
Elapsed time in milliseconds 344
Elapsed time in seconds is 0.344
